2018-05-28 23:00:12,685 - INFO - power law fit result:
2018-05-28 23:00:12,685 - INFO - Is discrete: True
2018-05-28 23:00:12,686 - INFO - x_min = 0.08502497608672548
2018-05-28 23:00:12,686 - INFO - power_law_alpha = 3.92796524155788
2018-05-28 23:00:12,686 - INFO - power_law_D = 0.2704843403623327
2018-05-28 23:00:12,686 - INFO - 

2018-05-28 23:00:12,688 - INFO - Compare with exponential:
2018-05-28 23:00:12,688 - INFO - R = -0.17533261404738626
2018-05-28 23:00:12,688 - INFO - p = 0.817087991297346
2018-05-28 23:00:12,688 - INFO - 

2018-05-28 23:00:12,752 - INFO - Compare with truncated power law:
2018-05-28 23:00:12,752 - INFO - R = -0.1872662535796386
2018-05-28 23:00:12,752 - INFO - p = 0.5405439699629986
2018-05-28 23:00:12,752 - INFO - 

2018-05-28 23:00:12,778 - INFO - Compare with lognormal:
2018-05-28 23:00:12,778 - INFO - R = -0.09061090312401437
2018-05-28 23:00:12,778 - INFO - p = 0.8346821461514806
2018-05-28 23:00:12,778 - INFO - 

2018-05-28 23:00:12,784 - INFO - Compare with stretched exponential:
2018-05-28 23:00:12,784 - INFO - R = -0.17553822441676775
2018-05-28 23:00:12,784 - INFO - p = 0.822981874750169
2018-05-28 23:00:12,784 - INFO - 

2018-05-28 23:00:12,784 - INFO - Truncated power law fit result: 
2018-05-28 23:00:12,785 - INFO - alpha = 1.0000000443946777
2018-05-28 23:00:12,785 - INFO - lambda = 18.424254370315914
2018-05-28 23:00:12,785 - INFO - 

2018-05-28 23:00:12,785 - INFO - Lognormal fit result: 
2018-05-28 23:00:12,785 - INFO - mu = -3.3911923974420657
2018-05-28 23:00:12,785 - INFO - sigma = 0.7218580034106045
