2018-05-28 23:10:14,003 - INFO - power law fit result:
2018-05-28 23:10:14,004 - INFO - Is discrete: True
2018-05-28 23:10:14,004 - INFO - x_min = 1.0
2018-05-28 23:10:14,004 - INFO - power_law_alpha = 2.154156032711171
2018-05-28 23:10:14,004 - INFO - power_law_D = 0.09248071037472749
2018-05-28 23:10:14,004 - INFO - 

2018-05-28 23:10:14,007 - INFO - Compare with exponential:
2018-05-28 23:10:14,007 - INFO - R = -1.336519545668335
2018-05-28 23:10:14,007 - INFO - p = 6.4305300905981805e-21
2018-05-28 23:10:14,007 - INFO - 

2018-05-28 23:10:14,198 - INFO - Compare with truncated power law:
2018-05-28 23:10:14,198 - INFO - R = -1.193236099487805
2018-05-28 23:10:14,198 - INFO - p = 0.12238954460727414
2018-05-28 23:10:14,198 - INFO - 

2018-05-28 23:10:14,205 - INFO - Compare with lognormal:
2018-05-28 23:10:14,205 - INFO - R = -1.841862624389022
2018-05-28 23:10:14,206 - INFO - p = 0.00013797775883351825
2018-05-28 23:10:14,206 - INFO - 

2018-05-28 23:10:14,249 - INFO - Compare with stretched exponential:
2018-05-28 23:10:14,249 - INFO - R = -1.8418626243427634
2018-05-28 23:10:14,249 - INFO - p = 0.00013798840144915462
2018-05-28 23:10:14,249 - INFO - 

2018-05-28 23:10:14,249 - INFO - Truncated power law fit result: 
2018-05-28 23:10:14,249 - INFO - alpha = 1.0000001123681095
2018-05-28 23:10:14,249 - INFO - lambda = 1.0497342599563115
2018-05-28 23:10:14,249 - INFO - 

2018-05-28 23:10:14,250 - INFO - Lognormal fit result: 
2018-05-28 23:10:14,250 - INFO - mu = 0.36183758104979447
2018-05-28 23:10:14,250 - INFO - sigma = 0.06468226922707448
